rfcx-guardian-role-setup/build/outputs/logs/manifest-merger-debug-report.txt
-- Merging decision tree log ---
manifest
ADDED from rfcx-guardian-android-git\rfcx-guardian-role-setup\AndroidManifest.xml:2:1-90:12
	package
		ADDED from rfcx-guardian-android-git\rfcx-guardian-role-setup\AndroidManifest.xml:3:5-38
	android:versionName
		ADDED from rfcx-guardian-android-git\rfcx-guardian-role-setup\AndroidManifest.xml:5:5-32
		INJECTED from rfcx-guardian-android-git\rfcx-guardian-role-setup\AndroidManifest.xml
		INJECTED from rfcx-guardian-android-git\rfcx-guardian-role-setup\AndroidManifest.xml
	android:versionCode
		ADDED from rfcx-guardian-android-git\rfcx-guardian-role-setup\AndroidManifest.xml:4:5-28
		INJECTED from rfcx-guardian-android-git\rfcx-guardian-role-setup\AndroidManifest.xml
		INJECTED from rfcx-guardian-android-git\rfcx-guardian-role-setup\AndroidManifest.xml
	xmlns:android
		ADDED from rfcx-guardian-android-git\rfcx-guardian-role-setup\AndroidManifest.xml:2:11-69
uses-sdk
ADDED from rfcx-guardian-android-git\rfcx-guardian-role-setup\AndroidManifest.xml:7:5-9:41
MERGED from [rfcx-guardian-role-setup:rfcx-guardian-lib-utility:unspecified] AndroidManifest.xml:7:5-9:41
	android:targetSdkVersion
		ADDED from rfcx-guardian-android-git\rfcx-guardian-role-setup\AndroidManifest.xml:9:9-38
	android:minSdkVersion
		ADDED from rfcx-guardian-android-git\rfcx-guardian-role-setup\AndroidManifest.xml:8:9-35
uses-permission#android.permission.RECEIVE_BOOT_COMPLETED
ADDED from rfcx-guardian-android-git\rfcx-guardian-role-setup\AndroidManifest.xml:11:2-78
	android:name
		ADDED from rfcx-guardian-android-git\rfcx-guardian-role-setup\AndroidManifest.xml:11:19-75
uses-permission#android.permission.INTERNET
ADDED from rfcx-guardian-android-git\rfcx-guardian-role-setup\AndroidManifest.xml:12:2-64
	android:name
		ADDED from rfcx-guardian-android-git\rfcx-guardian-role-setup\AndroidManifest.xml:12:19-61
uses-permission#android.permission.CALL_PHONE
ADDED from rfcx-guardian-android-git\rfcx-guardian-role-setup\AndroidManifest.xml:13:2-66
	android:name
		ADDED from rfcx-guardian-android-git\rfcx-guardian-role-setup\AndroidManifest.xml:13:19-63
uses-permission#android.permission.WRITE_SETTINGS
ADDED from rfcx-guardian-android-git\rfcx-guardian-role-setup\AndroidManifest.xml:14:2-70
	android:name
		ADDED from rfcx-guardian-android-git\rfcx-guardian-role-setup\AndroidManifest.xml:14:19-67
uses-permission#android.permission.ACCESS_WIFI_STATE
ADDED from rfcx-guardian-android-git\rfcx-guardian-role-setup\AndroidManifest.xml:15:2-73
	android:name
		ADDED from rfcx-guardian-android-git\rfcx-guardian-role-setup\AndroidManifest.xml:15:19-70
uses-permission#android.permission.CHANGE_WIFI_STATE
ADDED from rfcx-guardian-android-git\rfcx-guardian-role-setup\AndroidManifest.xml:16:2-73
	android:name
		ADDED from rfcx-guardian-android-git\rfcx-guardian-role-setup\AndroidManifest.xml:16:19-70
uses-permission#android.permission.ACCESS_NETWORK_STATE
ADDED from rfcx-guardian-android-git\rfcx-guardian-role-setup\AndroidManifest.xml:17:2-76
	android:name
		ADDED from rfcx-guardian-android-git\rfcx-guardian-role-setup\AndroidManifest.xml:17:19-73
uses-permission#android.permission.SET_TIME_ZONE
ADDED from rfcx-guardian-android-git\rfcx-guardian-role-setup\AndroidManifest.xml:18:2-69
	android:name
		ADDED from rfcx-guardian-android-git\rfcx-guardian-role-setup\AndroidManifest.xml:18:19-66
uses-permission#android.permission.READ_PHONE_STATE
ADDED from rfcx-guardian-android-git\rfcx-guardian-role-setup\AndroidManifest.xml:19:2-72
	android:name
		ADDED from rfcx-guardian-android-git\rfcx-guardian-role-setup\AndroidManifest.xml:19:19-69
uses-permission#android.permission.RECEIVE_SMS
ADDED from rfcx-guardian-android-git\rfcx-guardian-role-setup\AndroidManifest.xml:20:2-67
	android:name
		ADDED from rfcx-guardian-android-git\rfcx-guardian-role-setup\AndroidManifest.xml:20:19-64
uses-permission#android.permission.SEND_SMS
ADDED from rfcx-guardian-android-git\rfcx-guardian-role-setup\AndroidManifest.xml:21:2-64
	android:name
		ADDED from rfcx-guardian-android-git\rfcx-guardian-role-setup\AndroidManifest.xml:21:19-61
uses-permission#android.permission.WRITE_SMS
ADDED from rfcx-guardian-android-git\rfcx-guardian-role-setup\AndroidManifest.xml:22:2-64
	android:name
		ADDED from rfcx-guardian-android-git\rfcx-guardian-role-setup\AndroidManifest.xml:22:19-62
uses-permission#android.permission.READ_SMS
ADDED from rfcx-guardian-android-git\rfcx-guardian-role-setup\AndroidManifest.xml:23:2-63
	android:name
		ADDED from rfcx-guardian-android-git\rfcx-guardian-role-setup\AndroidManifest.xml:23:19-61
uses-permission#android.permission.RECORD_AUDIO
ADDED from rfcx-guardian-android-git\rfcx-guardian-role-setup\AndroidManifest.xml:24:2-68
	android:name
		ADDED from rfcx-guardian-android-git\rfcx-guardian-role-setup\AndroidManifest.xml:24:19-65
uses-permission#android.permission.BLUETOOTH
ADDED from rfcx-guardian-android-git\rfcx-guardian-role-setup\AndroidManifest.xml:25:2-65
	android:name
		ADDED from rfcx-guardian-android-git\rfcx-guardian-role-setup\AndroidManifest.xml:25:19-62
uses-permission#android.permission.BLUETOOTH_ADMIN
ADDED from rfcx-guardian-android-git\rfcx-guardian-role-setup\AndroidManifest.xml:26:2-71
	android:name
		ADDED from rfcx-guardian-android-git\rfcx-guardian-role-setup\AndroidManifest.xml:26:19-68
uses-permission#android.permission.WRITE_EXTERNAL_STORAGE
ADDED from rfcx-guardian-android-git\rfcx-guardian-role-setup\AndroidManifest.xml:27:2-78
	android:name
		ADDED from rfcx-guardian-android-git\rfcx-guardian-role-setup\AndroidManifest.xml:27:19-75
uses-permission#android.permission.WRITE_INTERNAL_STORAGE
ADDED from rfcx-guardian-android-git\rfcx-guardian-role-setup\AndroidManifest.xml:28:2-78
	android:name
		ADDED from rfcx-guardian-android-git\rfcx-guardian-role-setup\AndroidManifest.xml:28:19-75
uses-permission#android.permission.ACCESS_COARSE_LOCATION
ADDED from rfcx-guardian-android-git\rfcx-guardian-role-setup\AndroidManifest.xml:29:2-78
	android:name
		ADDED from rfcx-guardian-android-git\rfcx-guardian-role-setup\AndroidManifest.xml:29:19-75
uses-permission#android.permission.ACCESS_FINE_LOCATION
ADDED from rfcx-guardian-android-git\rfcx-guardian-role-setup\AndroidManifest.xml:30:2-76
	android:name
		ADDED from rfcx-guardian-android-git\rfcx-guardian-role-setup\AndroidManifest.xml:30:19-73
uses-permission#android.permission.CAMERA
ADDED from rfcx-guardian-android-git\rfcx-guardian-role-setup\AndroidManifest.xml:31:2-62
	android:name
		ADDED from rfcx-guardian-android-git\rfcx-guardian-role-setup\AndroidManifest.xml:31:19-59
uses-permission#android.permission.CHANGE_NETWORK_STATE
ADDED from rfcx-guardian-android-git\rfcx-guardian-role-setup\AndroidManifest.xml:32:2-76
	android:name
		ADDED from rfcx-guardian-android-git\rfcx-guardian-role-setup\AndroidManifest.xml:32:19-73
uses-permission#android.permission.DISABLE_KEYGUARD
ADDED from rfcx-guardian-android-git\rfcx-guardian-role-setup\AndroidManifest.xml:33:2-72
	android:name
		ADDED from rfcx-guardian-android-git\rfcx-guardian-role-setup\AndroidManifest.xml:33:19-69
uses-permission#android.permission.MODIFY_AUDIO_SETTINGS
ADDED from rfcx-guardian-android-git\rfcx-guardian-role-setup\AndroidManifest.xml:34:2-77
	android:name
		ADDED from rfcx-guardian-android-git\rfcx-guardian-role-setup\AndroidManifest.xml:34:19-74
uses-permission#android.permission.READ_LOGS
ADDED from rfcx-guardian-android-git\rfcx-guardian-role-setup\AndroidManifest.xml:35:2-65
	android:name
		ADDED from rfcx-guardian-android-git\rfcx-guardian-role-setup\AndroidManifest.xml:35:19-62
uses-permission#android.permission.WAKE_LOCK
ADDED from rfcx-guardian-android-git\rfcx-guardian-role-setup\AndroidManifest.xml:37:2-65
	android:name
		ADDED from rfcx-guardian-android-git\rfcx-guardian-role-setup\AndroidManifest.xml:37:19-62
uses-permission#android.permission.WRITE_SYNC_SETTINGS
ADDED from rfcx-guardian-android-git\rfcx-guardian-role-setup\AndroidManifest.xml:39:2-75
	android:name
		ADDED from rfcx-guardian-android-git\rfcx-guardian-role-setup\AndroidManifest.xml:39:19-72
uses-permission#org.rfcx.guardian.READ
ADDED from rfcx-guardian-android-git\rfcx-guardian-role-setup\AndroidManifest.xml:41:2-59
	android:name
		ADDED from rfcx-guardian-android-git\rfcx-guardian-role-setup\AndroidManifest.xml:41:19-56
uses-permission#org.rfcx.guardian.WRITE
ADDED from rfcx-guardian-android-git\rfcx-guardian-role-setup\AndroidManifest.xml:42:2-60
	android:name
		ADDED from rfcx-guardian-android-git\rfcx-guardian-role-setup\AndroidManifest.xml:42:19-57
permission#org.rfcx.guardian.READ
ADDED from rfcx-guardian-android-git\rfcx-guardian-role-setup\AndroidManifest.xml:43:2-90
	android:protectionLevel
		ADDED from rfcx-guardian-android-git\rfcx-guardian-role-setup\AndroidManifest.xml:43:52-87
	android:name
		ADDED from rfcx-guardian-android-git\rfcx-guardian-role-setup\AndroidManifest.xml:43:14-51
permission#org.rfcx.guardian.WRITE
ADDED from rfcx-guardian-android-git\rfcx-guardian-role-setup\AndroidManifest.xml:44:2-91
	android:protectionLevel
		ADDED from rfcx-guardian-android-git\rfcx-guardian-role-setup\AndroidManifest.xml:44:53-88
	android:name
		ADDED from rfcx-guardian-android-git\rfcx-guardian-role-setup\AndroidManifest.xml:44:14-52
application
ADDED from rfcx-guardian-android-git\rfcx-guardian-role-setup\AndroidManifest.xml:46:5-88:19
	android:label
		ADDED from rfcx-guardian-android-git\rfcx-guardian-role-setup\AndroidManifest.xml:49:9-41
	android:allowBackup
		ADDED from rfcx-guardian-android-git\rfcx-guardian-role-setup\AndroidManifest.xml:47:9-35
	android:icon
		ADDED from rfcx-guardian-android-git\rfcx-guardian-role-setup\AndroidManifest.xml:48:9-53
	android:theme
		ADDED from rfcx-guardian-android-git\rfcx-guardian-role-setup\AndroidManifest.xml:50:9-40
	android:name
		ADDED from rfcx-guardian-android-git\rfcx-guardian-role-setup\AndroidManifest.xml:51:9-60
service#org.rfcx.guardian.setup.service.ApiCheckVersionIntentService
ADDED from rfcx-guardian-android-git\rfcx-guardian-role-setup\AndroidManifest.xml:54:9-96
	android:name
		ADDED from rfcx-guardian-android-git\rfcx-guardian-role-setup\AndroidManifest.xml:54:18-93
service#org.rfcx.guardian.setup.service.RebootTriggerIntentService
ADDED from rfcx-guardian-android-git\rfcx-guardian-role-setup\AndroidManifest.xml:55:9-94
	android:name
		ADDED from rfcx-guardian-android-git\rfcx-guardian-role-setup\AndroidManifest.xml:55:18-91
service#org.rfcx.guardian.setup.service.DownloadFileService
ADDED from rfcx-guardian-android-git\rfcx-guardian-role-setup\AndroidManifest.xml:56:9-87
	android:name
		ADDED from rfcx-guardian-android-git\rfcx-guardian-role-setup\AndroidManifest.xml:56:18-84
service#org.rfcx.guardian.setup.service.ApiCheckVersionService
ADDED from rfcx-guardian-android-git\rfcx-guardian-role-setup\AndroidManifest.xml:57:9-90
	android:name
		ADDED from rfcx-guardian-android-git\rfcx-guardian-role-setup\AndroidManifest.xml:57:18-87
service#org.rfcx.guardian.setup.service.ApiRegisterService
ADDED from rfcx-guardian-android-git\rfcx-guardian-role-setup\AndroidManifest.xml:58:9-86
	android:name
		ADDED from rfcx-guardian-android-git\rfcx-guardian-role-setup\AndroidManifest.xml:58:18-83
service#org.rfcx.guardian.setup.service.InstallAppService
ADDED from rfcx-guardian-android-git\rfcx-guardian-role-setup\AndroidManifest.xml:59:9-85
	android:name
		ADDED from rfcx-guardian-android-git\rfcx-guardian-role-setup\AndroidManifest.xml:59:18-82
service#org.rfcx.guardian.setup.service.DeviceCPUTunerService
ADDED from rfcx-guardian-android-git\rfcx-guardian-role-setup\AndroidManifest.xml:60:9-89
	android:name
		ADDED from rfcx-guardian-android-git\rfcx-guardian-role-setup\AndroidManifest.xml:60:18-86
activity#org.rfcx.guardian.setup.activity.PrefsActivity
ADDED from rfcx-guardian-android-git\rfcx-guardian-role-setup\AndroidManifest.xml:62:9-64:50
	android:label
		ADDED from rfcx-guardian-android-git\rfcx-guardian-role-setup\AndroidManifest.xml:64:13-47
	android:name
		ADDED from rfcx-guardian-android-git\rfcx-guardian-role-setup\AndroidManifest.xml:63:13-74
activity#org.rfcx.guardian.setup.activity.MainActivity
ADDED from rfcx-guardian-android-git\rfcx-guardian-role-setup\AndroidManifest.xml:66:9-73:20
	android:label
		ADDED from rfcx-guardian-android-git\rfcx-guardian-role-setup\AndroidManifest.xml:68:13-45
	android:name
		ADDED from rfcx-guardian-android-git\rfcx-guardian-role-setup\AndroidManifest.xml:67:13-73
intent-filter#android.intent.action.MAIN+android.intent.category.LAUNCHER
ADDED from rfcx-guardian-android-git\rfcx-guardian-role-setup\AndroidManifest.xml:69:13-72:29
action#android.intent.action.MAIN
ADDED from rfcx-guardian-android-git\rfcx-guardian-role-setup\AndroidManifest.xml:70:17-69
	android:name
		ADDED from rfcx-guardian-android-git\rfcx-guardian-role-setup\AndroidManifest.xml:70:25-66
category#android.intent.category.LAUNCHER
ADDED from rfcx-guardian-android-git\rfcx-guardian-role-setup\AndroidManifest.xml:71:17-77
	android:name
		ADDED from rfcx-guardian-android-git\rfcx-guardian-role-setup\AndroidManifest.xml:71:27-74
receiver#org.rfcx.guardian.setup.receiver.BootReceiver
ADDED from rfcx-guardian-android-git\rfcx-guardian-role-setup\AndroidManifest.xml:75:10-79:14
	android:name
		ADDED from rfcx-guardian-android-git\rfcx-guardian-role-setup\AndroidManifest.xml:75:20-80
intent-filter#android.intent.action.BOOT_COMPLETED
ADDED from rfcx-guardian-android-git\rfcx-guardian-role-setup\AndroidManifest.xml:76:4-78:20
action#android.intent.action.BOOT_COMPLETED
ADDED from rfcx-guardian-android-git\rfcx-guardian-role-setup\AndroidManifest.xml:77:5-67
	android:name
		ADDED from rfcx-guardian-android-git\rfcx-guardian-role-setup\AndroidManifest.xml:77:13-64
provider#org.rfcx.guardian.setup.api.SetupContentProvider
ADDED from rfcx-guardian-android-git\rfcx-guardian-role-setup\AndroidManifest.xml:81:3-86:36
	android:readPermission
		ADDED from rfcx-guardian-android-git\rfcx-guardian-role-setup\AndroidManifest.xml:84:10-57
	android:authorities
		ADDED from rfcx-guardian-android-git\rfcx-guardian-role-setup\AndroidManifest.xml:83:4-49
	android:exported
		ADDED from rfcx-guardian-android-git\rfcx-guardian-role-setup\AndroidManifest.xml:86:10-33
	android:name
		ADDED from rfcx-guardian-android-git\rfcx-guardian-role-setup\AndroidManifest.xml:82:7-70
	android:writePermission
		ADDED from rfcx-guardian-android-git\rfcx-guardian-role-setup\AndroidManifest.xml:85:10-59